<?xml version="1.0" encoding="UTF-8"?>
<!-- Generated by org.testng.reporters.JUnitReportReporter -->
<testsuite hostname="IBM-PF33K4AW" failures="0" tests="1" name="pk_Spreecom.Create_an_address_usingfile" time="3.599" errors="0" timestamp="2024-03-19T12:45:00 IST" skipped="0">
  <testcase classname="pk_Spreecom.Create_an_address_usingfile" name="oAuth_Token" time="3.599"/>
  <system-out/>
</testsuite> <!-- pk_Spreecom.Create_an_address_usingfile -->
