<?xml version="1.0" encoding="UTF-8"?>
<!-- Generated by org.testng.reporters.JUnitReportReporter -->
<testsuite hostname="IBM-PF33K4AW" failures="0" tests="5" name="pk_Spreecom.Create_an_address_uniquelable" time="11.734" errors="0" timestamp="2024-03-20T11:26:30 IST" skipped="0">
  <testcase classname="pk_Spreecom.Create_an_address_uniquelable" name="addAddress" time="1.672"/>
  <system-out/>
  <testcase classname="pk_Spreecom.Create_an_address_uniquelable" name="addAddress" time="1.626"/>
  <system-out/>
  <testcase classname="pk_Spreecom.Create_an_address_uniquelable" name="addAddress" time="1.611"/>
  <system-out/>
  <testcase classname="pk_Spreecom.Create_an_address_uniquelable" name="addAddress" time="1.581"/>
  <system-out/>
  <testcase classname="pk_Spreecom.Create_an_address_uniquelable" name="addAddress" time="5.244"/>
  <system-out/>
</testsuite> <!-- pk_Spreecom.Create_an_address_uniquelable -->
