<?xml version="1.0" encoding="UTF-8"?>
<!-- Generated by org.testng.reporters.JUnitReportReporter -->
<testsuite hostname="IBM-PF33K4AW" failures="0" tests="3" name="pk_Spreecom.withUI_Create_an_address_Update_an_address_usingutilityfunction" time="72.718" errors="0" timestamp="2024-03-20T11:17:48 IST" skipped="0">
  <testcase classname="pk_Spreecom.withUI_Create_an_address_Update_an_address_usingutilityfunction" name="Create_Address" time="47.137"/>
  <system-out/>
  <testcase classname="pk_Spreecom.withUI_Create_an_address_Update_an_address_usingutilityfunction" name="Update_Address" time="1.844"/>
  <system-out/>
  <testcase classname="pk_Spreecom.withUI_Create_an_address_Update_an_address_usingutilityfunction" name="deleteAddress_UI" time="23.737"/>
  <system-out/>
</testsuite> <!-- pk_Spreecom.withUI_Create_an_address_Update_an_address_usingutilityfunction -->
