<?xml version="1.0" encoding="UTF-8"?>
<!-- Generated by org.testng.reporters.JUnitReportReporter -->
<testsuite hostname="IBM-PF33K4AW" failures="0" tests="1" name="pk_Spreecom.Get_Default_Country" time="3.044" errors="0" timestamp="2024-03-19T09:58:48 IST" skipped="0">
  <testcase classname="pk_Spreecom.Get_Default_Country" name="getDefaultCountry" time="3.044"/>
  <system-out/>
</testsuite> <!-- pk_Spreecom.Get_Default_Country -->
