<?xml version="1.0" encoding="UTF-8"?>
<!-- Generated by org.testng.reporters.JUnitReportReporter -->
<testsuite hostname="IBM-PF33K4AW" failures="0" tests="5" name="pk_Spreecom.Retrive_a_country_withmultiplecountry" time="35.911" errors="0" timestamp="2024-03-19T16:29:01 IST" skipped="0">
  <testcase classname="pk_Spreecom.Retrive_a_country_withmultiplecountry" name="getCountry" time="0.805"/>
  <system-out/>
  <testcase classname="pk_Spreecom.Retrive_a_country_withmultiplecountry" name="getCountry" time="0.919"/>
  <system-out/>
  <testcase classname="pk_Spreecom.Retrive_a_country_withmultiplecountry" name="getCountry" time="32.408"/>
  <system-out/>
  <testcase classname="pk_Spreecom.Retrive_a_country_withmultiplecountry" name="getCountry" time="0.798"/>
  <system-out/>
  <testcase classname="pk_Spreecom.Retrive_a_country_withmultiplecountry" name="getCountry" time="0.981"/>
  <system-out/>
</testsuite> <!-- pk_Spreecom.Retrive_a_country_withmultiplecountry -->
