<?xml version="1.0" encoding="UTF-8"?>
<!-- Generated by org.testng.reporters.JUnitReportReporter -->
<testsuite hostname="IBM-PF33K4AW" failures="0" tests="1" name="pk_Graphsqltest.Querysql_pokemon" time="4.296" errors="0" timestamp="2024-03-20T12:53:58 IST" skipped="0">
  <testcase classname="pk_Graphsqltest.Querysql_pokemon" name="getAllFilmsTest" time="4.296"/>
  <system-out/>
</testsuite> <!-- pk_Graphsqltest.Querysql_pokemon -->
