<?xml version="1.0" encoding="UTF-8"?>
<!-- Generated by org.testng.reporters.JUnitReportReporter -->
<testsuite hostname="IBM-PF33K4AW" failures="0" tests="1" name="pk_Spreecom.Retrive_a_country" time="2.754" errors="0" timestamp="2024-03-18T17:31:58 IST" skipped="0">
  <testcase classname="pk_Spreecom.Retrive_a_country" name="getDefaultCountry" time="2.754"/>
  <system-out/>
</testsuite> <!-- pk_Spreecom.Retrive_a_country -->
